<?xml version="1.0" encoding="UTF-8"?>
<!-- Generated by org.testng.reporters.JUnitXMLReporter -->
<testsuite ignored="0" hostname="DESKTOP-H43V1DC" failures="0" tests="5" name="regression" time="28.141" errors="0" timestamp="2021-02-21T15:58:19 EET">
  <testcase classname="loginPage.AdminLoginLogout" name="successfulAdminLoginAndLogout" time="2.374"/>
  <testcase classname="loginPage.AdminLoginLogout" name="unsuccessfulAdminLoginAndLogout" time="2.497"/>
  <testcase classname="testsAdminPages.CreateAndDeleteNewUser" name="successfullyCreateAndDeleteNewAdmin" time="6.947"/>
  <testcase classname="testsAdminPages.CreateAndDeleteNewUser" name="successfullyCreateAndDeleteNewKindergartenSpecialist" time="4.26"/>
  <testcase classname="testsAdminPages.CreateAndDeleteNewUser" name="successfullyCreateAndDeleteNewParent" time="5.03"/>
</testsuite> <!-- regression -->
