<?xml version="1.0" encoding="UTF-8"?>
<!-- Generated by org.testng.reporters.JUnitXMLReporter -->
<testsuite ignored="0" hostname="DESKTOP-H43V1DC" failures="0" tests="9" name="regression" time="42.376" errors="0" timestamp="2021-03-05T08:47:38 EET">
  <testcase classname="loginPage.AdminLoginLogout" name="successfulLoginAndLogout" time="1.094"/>
  <testcase classname="loginPage.AdminLoginLogout" name="unsuccessfulLoginAndLogout" time="2.535"/>
  <testcase classname="testsAdminPages.CreateAndDeleteNewUser" name="successfullyCreateAndDeleteNewAdmin" time="3.499"/>
  <testcase classname="testsAdminPages.CreateAndDeleteNewUser" name="successfullyCreateAndDeleteNewKindergartenSpecialist" time="2.568"/>
  <testcase classname="testsAdminPages.CreateAndDeleteNewUser" name="successfullyCreateAndDeleteNewParent" time="3.0"/>
  <testcase classname="testsSpecialistPages.CreateAndDeleteNewKindergarten" name="successfullyCreateUpdateDeleteNewKindergarten" time="4.089"/>
  <testcase classname="testsAdminPages.UpdateUserDetailsAdmin" name="successfullyChangeAdminDetails" time="2.257"/>
  <testcase classname="testsAdminPages.UpdateUserDetailsAdmin" name="successfullyChangeAdminPassword" time="3.362"/>
  <testcase classname="testsAdminPages.UpdateUserDetailsAdmin" name="successfullyResetAdminPasswordToOriginal" time="4.283"/>
</testsuite> <!-- regression -->
