<?xml version="1.0" encoding="UTF-8"?>
<!-- Generated by org.testng.reporters.JUnitXMLReporter -->
<testsuite ignored="2" hostname="DESKTOP-H43V1DC" failures="0" tests="14" name="regression" time="86.268" errors="0" timestamp="2021-03-12T15:19:59 EET">
  <testcase classname="login.AdminLoginLogout" name="successfulLoginAndLogout" time="1.701"/>
  <testcase classname="login.AdminLoginLogout" name="unsuccessfulLogin" time="1.521"/>
  <testcase classname="adminTests.CreateAndDeleteNewUser" name="successfullyCreateAndDeleteNewAdmin" time="4.407"/>
  <testcase classname="adminTests.CreateAndDeleteNewUser" name="successfullyCreateAndDeleteNewKindergartenSpecialist" time="3.932"/>
  <testcase classname="adminTests.CreateAndDeleteNewUser" name="successfullyCreateAndDeleteNewParent" time="4.316"/>
  <testcase classname="adminTests.UpdateAdminDetails" name="successfullyChangeAdminDetails" time="5.504"/>
  <testcase classname="adminTests.UpdateAdminDetails" name="successfullyChangeAdminPassword" time="3.264"/>
  <testcase classname="adminTests.UpdateAdminDetails" name="successfullyResetAdminPasswordToOriginal" time="7.692"/>
  <testcase classname="parentTests.UpdateParentDetails" name="successfullyChangeParentDetails" time="6.43"/>
  <testcase classname="parentTests.UpdateParentDetails" name="successfullyChangeParentPassword" time="3.366"/>
  <testcase classname="parentTests.UpdateParentDetails" name="successfullyResetParentPasswordToOriginal" time="6.878"/>
  <testcase classname="specialistTests.UpdateSpecialistDetails" name="successfullyChangeSpecialistDetails" time="5.544"/>
  <testcase classname="specialistTests.UpdateSpecialistDetails" name="successfullyChangeSpecialistPassword" time="3.275"/>
  <testcase classname="specialistTests.UpdateSpecialistDetails" name="successfullyResetSpecialistPasswordToOriginal" time="6.403"/>
  <testcase classname="specialistTests.CreateAndDeleteNewKindergarten" name="createAndDeleteNewKindergarten" time="0.0">
    <ignored/>
  </testcase> <!-- createAndDeleteNewKindergarten -->
  <testcase classname="parentTests.SubmitNewApplication" name="successfullyFillSubmitDeleteNewApplication" time="0.0">
    <ignored/>
  </testcase> <!-- successfullyFillSubmitDeleteNewApplication -->
</testsuite> <!-- regression -->
