<?xml version="1.0" encoding="UTF-8"?>
<!-- Generated by org.testng.reporters.JUnitXMLReporter -->
<testsuite ignored="0" hostname="DESKTOP-H43V1DC" failures="0" tests="15" name="regression" time="74.119" errors="0" timestamp="2021-03-07T17:00:38 EET">
  <testcase classname="loginPage.AdminLoginLogout" name="successfulLoginAndLogout" time="1.258"/>
  <testcase classname="loginPage.AdminLoginLogout" name="unsuccessfulLoginAndLogout" time="2.559"/>
  <testcase classname="testsAdminPages.CreateAndDeleteNewUser" name="successfullyCreateAndDeleteNewAdmin" time="3.557"/>
  <testcase classname="testsAdminPages.CreateAndDeleteNewUser" name="successfullyCreateAndDeleteNewKindergartenSpecialist" time="2.677"/>
  <testcase classname="testsAdminPages.CreateAndDeleteNewUser" name="successfullyCreateAndDeleteNewParent" time="3.095"/>
  <testcase classname="testsParentPages.UpdateParentDetails" name="successfullyChangeAdminDetails" time="3.042"/>
  <testcase classname="testsParentPages.UpdateParentDetails" name="successfullyChangeAdminPassword" time="3.413"/>
  <testcase classname="testsParentPages.UpdateParentDetails" name="successfullyResetAdminPasswordToOriginal" time="4.462"/>
  <testcase classname="testsSpecialistPages.CreateAndDeleteNewKindergarten" name="successfullyCreateUpdateDeleteNewKindergarten" time="4.236"/>
  <testcase classname="testsAdminPages.UpdateAdminDetails" name="successfullyChangeAdminDetails" time="2.366"/>
  <testcase classname="testsAdminPages.UpdateAdminDetails" name="successfullyChangeAdminPassword" time="3.43"/>
  <testcase classname="testsAdminPages.UpdateAdminDetails" name="successfullyResetAdminPasswordToOriginal" time="4.435"/>
  <testcase classname="testsSpecialistPages.UpdateSpecialistDetails" name="successfullyChangeKindergartenSpecialistDetails" time="2.629"/>
  <testcase classname="testsSpecialistPages.UpdateSpecialistDetails" name="successfullyChangeSpecialistPassword" time="3.582"/>
  <testcase classname="testsSpecialistPages.UpdateSpecialistDetails" name="successfullyResetSpecialistPasswordToOriginal" time="4.421"/>
</testsuite> <!-- regression -->
