<?xml version="1.0" encoding="UTF-8"?>
<!-- Generated by org.testng.reporters.JUnitXMLReporter -->
<testsuite ignored="12" hostname="DESKTOP-H43V1DC" failures="0" tests="4" name="smoke" time="24.155" errors="0" timestamp="2021-03-12T15:18:33 EET">
  <testcase classname="login.AdminLoginLogout" name="successfulLoginAndLogout" time="1.246"/>
  <testcase classname="adminTests.CreateAndDeleteNewUser" name="successfullyCreateAndDeleteNewAdmin" time="4.163"/>
  <testcase classname="adminTests.CreateAndDeleteNewUser" name="successfullyCreateAndDeleteNewKindergartenSpecialist" time="4.142"/>
  <testcase classname="adminTests.CreateAndDeleteNewUser" name="successfullyCreateAndDeleteNewParent" time="4.462"/>
  <testcase classname="adminTests.UpdateAdminDetails" name="successfullyChangeAdminDetails" time="0.0">
    <ignored/>
  </testcase> <!-- successfullyChangeAdminDetails -->
  <testcase classname="specialistTests.CreateAndDeleteNewKindergarten" name="createAndDeleteNewKindergarten" time="0.0">
    <ignored/>
  </testcase> <!-- createAndDeleteNewKindergarten -->
  <testcase classname="specialistTests.UpdateSpecialistDetails" name="successfullyChangeSpecialistDetails" time="0.0">
    <ignored/>
  </testcase> <!-- successfullyChangeSpecialistDetails -->
  <testcase classname="parentTests.SubmitNewApplication" name="successfullyFillSubmitDeleteNewApplication" time="0.0">
    <ignored/>
  </testcase> <!-- successfullyFillSubmitDeleteNewApplication -->
  <testcase classname="specialistTests.UpdateSpecialistDetails" name="successfullyResetSpecialistPasswordToOriginal" time="0.0">
    <ignored/>
  </testcase> <!-- successfullyResetSpecialistPasswordToOriginal -->
  <testcase classname="adminTests.UpdateAdminDetails" name="successfullyChangeAdminPassword" time="0.0">
    <ignored/>
  </testcase> <!-- successfullyChangeAdminPassword -->
  <testcase classname="adminTests.UpdateAdminDetails" name="successfullyResetAdminPasswordToOriginal" time="0.0">
    <ignored/>
  </testcase> <!-- successfullyResetAdminPasswordToOriginal -->
  <testcase classname="login.AdminLoginLogout" name="unsuccessfulLogin" time="0.0">
    <ignored/>
  </testcase> <!-- unsuccessfulLogin -->
  <testcase classname="parentTests.UpdateParentDetails" name="successfullyChangeParentPassword" time="0.0">
    <ignored/>
  </testcase> <!-- successfullyChangeParentPassword -->
  <testcase classname="parentTests.UpdateParentDetails" name="successfullyChangeParentDetails" time="0.0">
    <ignored/>
  </testcase> <!-- successfullyChangeParentDetails -->
  <testcase classname="parentTests.UpdateParentDetails" name="successfullyResetParentPasswordToOriginal" time="0.0">
    <ignored/>
  </testcase> <!-- successfullyResetParentPasswordToOriginal -->
  <testcase classname="specialistTests.UpdateSpecialistDetails" name="successfullyChangeSpecialistPassword" time="0.0">
    <ignored/>
  </testcase> <!-- successfullyChangeSpecialistPassword -->
</testsuite> <!-- smoke -->
