<?xml version="1.0" encoding="UTF-8"?>
<!-- Generated by org.testng.reporters.JUnitXMLReporter -->
<testsuite ignored="1" hostname="DESKTOP-H43V1DC" failures="0" tests="5" name="smoke" time="26.234" errors="0" timestamp="2021-02-28T23:55:58 EET">
  <testcase classname="loginPage.AdminLoginLogout" name="successfulLoginAndLogout" time="1.208"/>
  <testcase classname="testsAdminPages.CreateAndDeleteNewUser" name="successfullyCreateAndDeleteNewAdmin" time="3.79"/>
  <testcase classname="testsAdminPages.CreateAndDeleteNewUser" name="successfullyCreateAndDeleteNewKindergartenSpecialist" time="2.55"/>
  <testcase classname="testsAdminPages.CreateAndDeleteNewUser" name="successfullyCreateAndDeleteNewParent" time="2.963"/>
  <testcase classname="testsSpecialistPages.CreateAndDeleteNewKindergarten" name="successfullyCreateUpdateDeleteNewKindergarten" time="4.183"/>
  <testcase classname="loginPage.AdminLoginLogout" name="unsuccessfulLoginAndLogout" time="0.0">
    <ignored/>
  </testcase> <!-- unsuccessfulLoginAndLogout -->
</testsuite> <!-- smoke -->
