<?xml version="1.0" encoding="UTF-8"?>
<testng-results ignored="2" total="17" passed="14" failed="1" skipped="0">
  <reporter-output>
  </reporter-output>
  <suite started-at="2021-03-12T20:44:51 EET" name="Tests" finished-at="2021-03-12T20:46:36 EET" duration-ms="104827">
    <groups>
      <group name="regression">
        <method signature="AdminLoginLogout.unsuccessfulLogin()[pri:0, instance:login.AdminLoginLogout@6d3a388c]" name="unsuccessfulLogin" class="login.AdminLoginLogout"/>
        <method signature="CreateAndDeleteNewUser.successfullyCreateAndDeleteNewAdmin()[pri:0, instance:adminTests.CreateAndDeleteNewUser@193f604a]" name="successfullyCreateAndDeleteNewAdmin" class="adminTests.CreateAndDeleteNewUser"/>
        <method signature="CreateAndDeleteNewUser.successfullyCreateAndDeleteNewKindergartenSpecialist()[pri:0, instance:adminTests.CreateAndDeleteNewUser@193f604a]" name="successfullyCreateAndDeleteNewKindergartenSpecialist" class="adminTests.CreateAndDeleteNewUser"/>
        <method signature="CreateAndDeleteNewUser.successfullyCreateAndDeleteNewParent()[pri:0, instance:adminTests.CreateAndDeleteNewUser@193f604a]" name="successfullyCreateAndDeleteNewParent" class="adminTests.CreateAndDeleteNewUser"/>
        <method signature="SubmitNewApplication.successfullySubmitNewApplication()[pri:1, instance:parentTests.SubmitNewApplication@57af006c]" name="successfullySubmitNewApplication" class="parentTests.SubmitNewApplication"/>
        <method signature="UpdateAdminDetails.successfullyChangeAdminDetails()[pri:1, instance:adminTests.UpdateAdminDetails@20f5239f]" name="successfullyChangeAdminDetails" class="adminTests.UpdateAdminDetails"/>
        <method signature="UpdateAdminDetails.successfullyChangeAdminPassword()[pri:2, instance:adminTests.UpdateAdminDetails@20f5239f]" name="successfullyChangeAdminPassword" class="adminTests.UpdateAdminDetails"/>
        <method signature="UpdateAdminDetails.successfullyResetAdminPasswordToOriginal()[pri:3, instance:adminTests.UpdateAdminDetails@20f5239f]" name="successfullyResetAdminPasswordToOriginal" class="adminTests.UpdateAdminDetails"/>
        <method signature="UpdateParentDetails.successfullyChangeParentDetails()[pri:1, instance:parentTests.UpdateParentDetails@6bedbc4d]" name="successfullyChangeParentDetails" class="parentTests.UpdateParentDetails"/>
        <method signature="UpdateParentDetails.successfullyChangeParentPassword()[pri:2, instance:parentTests.UpdateParentDetails@6bedbc4d]" name="successfullyChangeParentPassword" class="parentTests.UpdateParentDetails"/>
        <method signature="UpdateParentDetails.successfullyResetParentPasswordToOriginal()[pri:3, instance:parentTests.UpdateParentDetails@6bedbc4d]" name="successfullyResetParentPasswordToOriginal" class="parentTests.UpdateParentDetails"/>
        <method signature="UpdateSpecialistDetails.successfullyChangeSpecialistDetails()[pri:1, instance:specialistTests.UpdateSpecialistDetails@d29f28]" name="successfullyChangeSpecialistDetails" class="specialistTests.UpdateSpecialistDetails"/>
        <method signature="UpdateSpecialistDetails.successfullyChangeSpecialistPassword()[pri:2, instance:specialistTests.UpdateSpecialistDetails@d29f28]" name="successfullyChangeSpecialistPassword" class="specialistTests.UpdateSpecialistDetails"/>
        <method signature="UpdateSpecialistDetails.successfullyResetSpecialistPasswordToOriginal()[pri:3, instance:specialistTests.UpdateSpecialistDetails@d29f28]" name="successfullyResetSpecialistPasswordToOriginal" class="specialistTests.UpdateSpecialistDetails"/>
        <method signature="UploadMedicalDocumentPDF.successfullyUploadAndDeletePDF()[pri:0, instance:parentTests.UploadMedicalDocumentPDF@932bc4a]" name="successfullyUploadAndDeletePDF" class="parentTests.UploadMedicalDocumentPDF"/>
      </group> <!-- regression -->
      <group name="smoke">
        <method signature="CreateAndDeleteNewUser.successfullyCreateAndDeleteNewAdmin()[pri:0, instance:adminTests.CreateAndDeleteNewUser@193f604a]" name="successfullyCreateAndDeleteNewAdmin" class="adminTests.CreateAndDeleteNewUser"/>
        <method signature="CreateAndDeleteNewUser.successfullyCreateAndDeleteNewKindergartenSpecialist()[pri:0, instance:adminTests.CreateAndDeleteNewUser@193f604a]" name="successfullyCreateAndDeleteNewKindergartenSpecialist" class="adminTests.CreateAndDeleteNewUser"/>
        <method signature="CreateAndDeleteNewUser.successfullyCreateAndDeleteNewParent()[pri:0, instance:adminTests.CreateAndDeleteNewUser@193f604a]" name="successfullyCreateAndDeleteNewParent" class="adminTests.CreateAndDeleteNewUser"/>
      </group> <!-- smoke -->
    </groups>
    <test started-at="2021-03-12T20:44:51 EET" name="regression" finished-at="2021-03-12T20:46:36 EET" duration-ms="104827">
      <class name="parentTests.UploadMedicalDocumentPDF">
        <test-method is-config="true" signature="setUp()[pri:0, instance:parentTests.UploadMedicalDocumentPDF@932bc4a]" started-at="2021-03-12T20:46:23 EET" name="setUp" finished-at="2021-03-12T20:46:26 EET" duration-ms="3375" status="PASS">
          <reporter-output>
          </reporter-output>
        </test-method> <!-- setUp -->
        <test-method signature="successfullyUploadAndDeletePDF()[pri:0, instance:parentTests.UploadMedicalDocumentPDF@932bc4a]" started-at="2021-03-12T20:46:26 EET" name="successfullyUploadAndDeletePDF" finished-at="2021-03-12T20:46:35 EET" duration-ms="9034" status="PASS">
          <reporter-output>
          </reporter-output>
        </test-method> <!-- successfullyUploadAndDeletePDF -->
        <test-method is-config="true" signature="closeBrowser()[pri:0, instance:parentTests.UploadMedicalDocumentPDF@932bc4a]" started-at="2021-03-12T20:46:35 EET" name="closeBrowser" finished-at="2021-03-12T20:46:36 EET" duration-ms="128" status="PASS">
          <reporter-output>
          </reporter-output>
        </test-method> <!-- closeBrowser -->
      </class> <!-- parentTests.UploadMedicalDocumentPDF -->
      <class name="login.AdminLoginLogout">
        <test-method is-config="true" signature="setUp()[pri:0, instance:login.AdminLoginLogout@6d3a388c]" started-at="2021-03-12T20:44:51 EET" name="setUp" finished-at="2021-03-12T20:44:55 EET" duration-ms="4237" status="PASS">
          <reporter-output>
          </reporter-output>
        </test-method> <!-- setUp -->
        <test-method signature="unsuccessfulLogin()[pri:0, instance:login.AdminLoginLogout@6d3a388c]" started-at="2021-03-12T20:44:55 EET" name="unsuccessfulLogin" finished-at="2021-03-12T20:44:57 EET" duration-ms="1775" status="PASS">
          <reporter-output>
          </reporter-output>
        </test-method> <!-- unsuccessfulLogin -->
        <test-method is-config="true" signature="closeBrowser()[pri:0, instance:login.AdminLoginLogout@6d3a388c]" started-at="2021-03-12T20:44:57 EET" name="closeBrowser" finished-at="2021-03-12T20:44:57 EET" duration-ms="121" status="PASS">
          <reporter-output>
          </reporter-output>
        </test-method> <!-- closeBrowser -->
      </class> <!-- login.AdminLoginLogout -->
      <class name="specialistTests.UpdateSpecialistDetails">
        <test-method is-config="true" signature="setUp()[pri:0, instance:specialistTests.UpdateSpecialistDetails@d29f28]" started-at="2021-03-12T20:46:03 EET" name="setUp" finished-at="2021-03-12T20:46:07 EET" duration-ms="3513" status="PASS">
          <reporter-output>
          </reporter-output>
        </test-method> <!-- setUp -->
        <test-method signature="successfullyChangeSpecialistDetails()[pri:1, instance:specialistTests.UpdateSpecialistDetails@d29f28]" started-at="2021-03-12T20:46:07 EET" name="successfullyChangeSpecialistDetails" finished-at="2021-03-12T20:46:12 EET" duration-ms="5606" status="PASS">
          <reporter-output>
          </reporter-output>
        </test-method> <!-- successfullyChangeSpecialistDetails -->
        <test-method signature="successfullyChangeSpecialistPassword()[pri:2, instance:specialistTests.UpdateSpecialistDetails@d29f28]" started-at="2021-03-12T20:46:12 EET" name="successfullyChangeSpecialistPassword" finished-at="2021-03-12T20:46:16 EET" duration-ms="3844" status="PASS">
          <reporter-output>
          </reporter-output>
        </test-method> <!-- successfullyChangeSpecialistPassword -->
        <test-method signature="successfullyResetSpecialistPasswordToOriginal()[pri:3, instance:specialistTests.UpdateSpecialistDetails@d29f28]" started-at="2021-03-12T20:46:16 EET" name="successfullyResetSpecialistPasswordToOriginal" finished-at="2021-03-12T20:46:23 EET" duration-ms="6782" status="PASS">
          <reporter-output>
          </reporter-output>
        </test-method> <!-- successfullyResetSpecialistPasswordToOriginal -->
        <test-method is-config="true" signature="closeBrowser()[pri:0, instance:specialistTests.UpdateSpecialistDetails@d29f28]" started-at="2021-03-12T20:46:23 EET" name="closeBrowser" finished-at="2021-03-12T20:46:23 EET" duration-ms="170" status="PASS">
          <reporter-output>
          </reporter-output>
        </test-method> <!-- closeBrowser -->
      </class> <!-- specialistTests.UpdateSpecialistDetails -->
      <class name="parentTests.SubmitNewApplication">
        <test-method is-config="true" signature="setUp()[pri:0, instance:parentTests.SubmitNewApplication@57af006c]" started-at="2021-03-12T20:45:13 EET" name="setUp" finished-at="2021-03-12T20:45:18 EET" duration-ms="4853" status="PASS">
          <reporter-output>
          </reporter-output>
        </test-method> <!-- setUp -->
        <test-method signature="successfullySubmitNewApplication()[pri:1, instance:parentTests.SubmitNewApplication@57af006c]" started-at="2021-03-12T20:45:18 EET" name="successfullySubmitNewApplication" finished-at="2021-03-12T20:45:24 EET" duration-ms="5918" status="FAIL">
          <exception class="org.openqa.selenium.ElementClickInterceptedException">
            <message>
              <![CDATA[element click intercepted: Element <button type="submit" class="btn btn-primary float-right" id="btnLogin">...</button> is not clickable at point (944, 471). Other element would receive the click: <div class="swal-overlay swal-overlay--show-modal" tabindex="-1">...</div>
  (Session info: chrome=89.0.4389.82)
Build info: version: '3.141.59', revision: 'e82be7d358', time: '2018-11-14T08:17:03'
System info: host: 'DESKTOP-H43V1DC', ip: '192.168.56.1', os.name: 'Windows 10', os.arch: 'amd64', os.version: '10.0', java.version: '15.0.1'
Driver info: org.openqa.selenium.chrome.ChromeDriver
Capabilities {acceptInsecureCerts: false, browserName: chrome, browserVersion: 89.0.4389.82, chrome: {chromedriverVersion: 88.0.4324.96 (68dba2d8a0b14..., userDataDir: C:\Users\Vardas\AppData\Loc...}, goog:chromeOptions: {debuggerAddress: localhost:60443}, javascriptEnabled: true, networkConnectionEnabled: false, pageLoadStrategy: normal, platform: WINDOWS, platformName: WINDOWS, proxy: Proxy(), setWindowRect: true, strictFileInteractability: false, timeouts: {implicit: 0, pageLoad: 300000, script: 30000}, unhandledPromptBehavior: dismiss and notify, webauthn:extension:largeBlob: true, webauthn:virtualAuthenticators: true}
Session ID: cb1871448e3e52d18a80a6d231409791]]>
            </message>
            <full-stacktrace>
              <![CDATA[org.openqa.selenium.ElementClickInterceptedException: element click intercepted: Element <button type="submit" class="btn btn-primary float-right" id="btnLogin">...</button> is not clickable at point (944, 471). Other element would receive the click: <div class="swal-overlay swal-overlay--show-modal" tabindex="-1">...</div>
  (Session info: chrome=89.0.4389.82)
Build info: version: '3.141.59', revision: 'e82be7d358', time: '2018-11-14T08:17:03'
System info: host: 'DESKTOP-H43V1DC', ip: '192.168.56.1', os.name: 'Windows 10', os.arch: 'amd64', os.version: '10.0', java.version: '15.0.1'
Driver info: org.openqa.selenium.chrome.ChromeDriver
Capabilities {acceptInsecureCerts: false, browserName: chrome, browserVersion: 89.0.4389.82, chrome: {chromedriverVersion: 88.0.4324.96 (68dba2d8a0b14..., userDataDir: C:\Users\Vardas\AppData\Loc...}, goog:chromeOptions: {debuggerAddress: localhost:60443}, javascriptEnabled: true, networkConnectionEnabled: false, pageLoadStrategy: normal, platform: WINDOWS, platformName: WINDOWS, proxy: Proxy(), setWindowRect: true, strictFileInteractability: false, timeouts: {implicit: 0, pageLoad: 300000, script: 30000}, unhandledPromptBehavior: dismiss and notify, webauthn:extension:largeBlob: true, webauthn:virtualAuthenticators: true}
Session ID: cb1871448e3e52d18a80a6d231409791
at java.base/jdk.internal.reflect.NativeConstructorAccessorImpl.newInstance0(Native Method)
at java.base/jdk.internal.reflect.NativeConstructorAccessorImpl.newInstance(NativeConstructorAccessorImpl.java:64)
at java.base/jdk.internal.reflect.DelegatingConstructorAccessorImpl.newInstance(DelegatingConstructorAccessorImpl.java:45)
at java.base/java.lang.reflect.Constructor.newInstanceWithCaller(Constructor.java:500)
at java.base/java.lang.reflect.Constructor.newInstance(Constructor.java:481)
at org.openqa.selenium.remote.http.W3CHttpResponseCodec.createException(W3CHttpResponseCodec.java:187)
at org.openqa.selenium.remote.http.W3CHttpResponseCodec.decode(W3CHttpResponseCodec.java:122)
at org.openqa.selenium.remote.http.W3CHttpResponseCodec.decode(W3CHttpResponseCodec.java:49)
at org.openqa.selenium.remote.HttpCommandExecutor.execute(HttpCommandExecutor.java:158)
at org.openqa.selenium.remote.service.DriverCommandExecutor.execute(DriverCommandExecutor.java:83)
at org.openqa.selenium.remote.RemoteWebDriver.execute(RemoteWebDriver.java:552)
at org.openqa.selenium.remote.RemoteWebElement.execute(RemoteWebElement.java:285)
at org.openqa.selenium.remote.RemoteWebElement.click(RemoteWebElement.java:84)
at java.base/jdk.internal.reflect.NativeMethodAccessorImpl.invoke0(Native Method)
at java.base/jdk.internal.reflect.NativeMethodAccessorImpl.invoke(NativeMethodAccessorImpl.java:64)
at java.base/jdk.internal.reflect.DelegatingMethodAccessorImpl.invoke(DelegatingMethodAccessorImpl.java:43)
at java.base/java.lang.reflect.Method.invoke(Method.java:564)
at org.openqa.selenium.support.pagefactory.internal.LocatingElementHandler.invoke(LocatingElementHandler.java:51)
at com.sun.proxy.$Proxy12.click(Unknown Source)
at pages.LoginPage.clickLoginButton(LoginPage.java:32)
at generalMethods.GeneralMethods.doLoginAsAdmin(GeneralMethods.java:49)
at generalMethods.GeneralMethods.createNewParent(GeneralMethods.java:113)
at parentTests.SubmitNewApplication.successfullySubmitNewApplication(SubmitNewApplication.java:23)
at java.base/jdk.internal.reflect.NativeMethodAccessorImpl.invoke0(Native Method)
at java.base/jdk.internal.reflect.NativeMethodAccessorImpl.invoke(NativeMethodAccessorImpl.java:64)
at java.base/jdk.internal.reflect.DelegatingMethodAccessorImpl.invoke(DelegatingMethodAccessorImpl.java:43)
at java.base/java.lang.reflect.Method.invoke(Method.java:564)
at org.testng.internal.MethodInvocationHelper.invokeMethod(MethodInvocationHelper.java:132)
at org.testng.internal.TestInvoker.invokeMethod(TestInvoker.java:599)
at org.testng.internal.TestInvoker.invokeTestMethod(TestInvoker.java:174)
at org.testng.internal.MethodRunner.runInSequence(MethodRunner.java:46)
at org.testng.internal.TestInvoker$MethodInvocationAgent.invoke(TestInvoker.java:822)
at org.testng.internal.TestInvoker.invokeTestMethods(TestInvoker.java:147)
at org.testng.internal.TestMethodWorker.invokeTestMethods(TestMethodWorker.java:146)
at org.testng.internal.TestMethodWorker.run(TestMethodWorker.java:128)
at java.base/java.util.ArrayList.forEach(ArrayList.java:1511)
at org.testng.TestRunner.privateRun(TestRunner.java:764)
at org.testng.TestRunner.run(TestRunner.java:585)
at org.testng.SuiteRunner.runTest(SuiteRunner.java:384)
at org.testng.SuiteRunner.runSequentially(SuiteRunner.java:378)
at org.testng.SuiteRunner.privateRun(SuiteRunner.java:337)
at org.testng.SuiteRunner.run(SuiteRunner.java:286)
at org.testng.SuiteRunnerWorker.runSuite(SuiteRunnerWorker.java:53)
at org.testng.SuiteRunnerWorker.run(SuiteRunnerWorker.java:96)
at org.testng.TestNG.runSuitesSequentially(TestNG.java:1218)
at org.testng.TestNG.runSuitesLocally(TestNG.java:1140)
at org.testng.TestNG.runSuites(TestNG.java:1069)
at org.testng.TestNG.run(TestNG.java:1037)
at org.testng.remote.AbstractRemoteTestNG.run(AbstractRemoteTestNG.java:115)
at org.testng.remote.RemoteTestNG.initAndRun(RemoteTestNG.java:251)
at org.testng.remote.RemoteTestNG.main(RemoteTestNG.java:77)
]]>
            </full-stacktrace>
          </exception> <!-- org.openqa.selenium.ElementClickInterceptedException -->
          <reporter-output>
          </reporter-output>
        </test-method> <!-- successfullySubmitNewApplication -->
        <test-method is-config="true" signature="closeBrowser()[pri:0, instance:parentTests.SubmitNewApplication@57af006c]" started-at="2021-03-12T20:45:24 EET" name="closeBrowser" finished-at="2021-03-12T20:45:24 EET" duration-ms="148" status="PASS">
          <reporter-output>
          </reporter-output>
        </test-method> <!-- closeBrowser -->
      </class> <!-- parentTests.SubmitNewApplication -->
      <class name="adminTests.CreateAndDeleteNewUser">
        <test-method is-config="true" signature="setUp()[pri:0, instance:adminTests.CreateAndDeleteNewUser@193f604a]" started-at="2021-03-12T20:44:57 EET" name="setUp" finished-at="2021-03-12T20:45:01 EET" duration-ms="3661" status="PASS">
          <reporter-output>
          </reporter-output>
        </test-method> <!-- setUp -->
        <test-method signature="successfullyCreateAndDeleteNewAdmin()[pri:0, instance:adminTests.CreateAndDeleteNewUser@193f604a]" started-at="2021-03-12T20:45:01 EET" name="successfullyCreateAndDeleteNewAdmin" finished-at="2021-03-12T20:45:05 EET" duration-ms="4087" status="PASS">
          <reporter-output>
          </reporter-output>
        </test-method> <!-- successfullyCreateAndDeleteNewAdmin -->
        <test-method signature="successfullyCreateAndDeleteNewKindergartenSpecialist()[pri:0, instance:adminTests.CreateAndDeleteNewUser@193f604a]" started-at="2021-03-12T20:45:05 EET" name="successfullyCreateAndDeleteNewKindergartenSpecialist" finished-at="2021-03-12T20:45:09 EET" duration-ms="3966" status="PASS">
          <reporter-output>
          </reporter-output>
        </test-method> <!-- successfullyCreateAndDeleteNewKindergartenSpecialist -->
        <test-method signature="successfullyCreateAndDeleteNewParent()[pri:0, instance:adminTests.CreateAndDeleteNewUser@193f604a]" started-at="2021-03-12T20:45:09 EET" name="successfullyCreateAndDeleteNewParent" finished-at="2021-03-12T20:45:13 EET" duration-ms="4348" status="PASS">
          <reporter-output>
          </reporter-output>
        </test-method> <!-- successfullyCreateAndDeleteNewParent -->
        <test-method is-config="true" signature="closeBrowser()[pri:0, instance:adminTests.CreateAndDeleteNewUser@193f604a]" started-at="2021-03-12T20:45:13 EET" name="closeBrowser" finished-at="2021-03-12T20:45:13 EET" duration-ms="218" status="PASS">
          <reporter-output>
          </reporter-output>
        </test-method> <!-- closeBrowser -->
      </class> <!-- adminTests.CreateAndDeleteNewUser -->
      <class name="adminTests.UpdateAdminDetails">
        <test-method is-config="true" signature="setUp()[pri:0, instance:adminTests.UpdateAdminDetails@20f5239f]" started-at="2021-03-12T20:45:24 EET" name="setUp" finished-at="2021-03-12T20:45:28 EET" duration-ms="3517" status="PASS">
          <reporter-output>
          </reporter-output>
        </test-method> <!-- setUp -->
        <test-method signature="successfullyChangeAdminDetails()[pri:1, instance:adminTests.UpdateAdminDetails@20f5239f]" started-at="2021-03-12T20:45:28 EET" name="successfullyChangeAdminDetails" finished-at="2021-03-12T20:45:33 EET" duration-ms="5448" status="PASS">
          <reporter-output>
          </reporter-output>
        </test-method> <!-- successfullyChangeAdminDetails -->
        <test-method signature="successfullyChangeAdminPassword()[pri:2, instance:adminTests.UpdateAdminDetails@20f5239f]" started-at="2021-03-12T20:45:33 EET" name="successfullyChangeAdminPassword" finished-at="2021-03-12T20:45:36 EET" duration-ms="3205" status="PASS">
          <reporter-output>
          </reporter-output>
        </test-method> <!-- successfullyChangeAdminPassword -->
        <test-method signature="successfullyResetAdminPasswordToOriginal()[pri:3, instance:adminTests.UpdateAdminDetails@20f5239f]" started-at="2021-03-12T20:45:36 EET" name="successfullyResetAdminPasswordToOriginal" finished-at="2021-03-12T20:45:43 EET" duration-ms="6566" status="PASS">
          <reporter-output>
          </reporter-output>
        </test-method> <!-- successfullyResetAdminPasswordToOriginal -->
        <test-method is-config="true" signature="closeBrowser()[pri:0, instance:adminTests.UpdateAdminDetails@20f5239f]" started-at="2021-03-12T20:45:43 EET" name="closeBrowser" finished-at="2021-03-12T20:45:43 EET" duration-ms="155" status="PASS">
          <reporter-output>
          </reporter-output>
        </test-method> <!-- closeBrowser -->
      </class> <!-- adminTests.UpdateAdminDetails -->
      <class name="parentTests.UpdateParentDetails">
        <test-method is-config="true" signature="setUp()[pri:0, instance:parentTests.UpdateParentDetails@6bedbc4d]" started-at="2021-03-12T20:45:43 EET" name="setUp" finished-at="2021-03-12T20:45:46 EET" duration-ms="3284" status="PASS">
          <reporter-output>
          </reporter-output>
        </test-method> <!-- setUp -->
        <test-method signature="successfullyChangeParentDetails()[pri:1, instance:parentTests.UpdateParentDetails@6bedbc4d]" started-at="2021-03-12T20:45:46 EET" name="successfullyChangeParentDetails" finished-at="2021-03-12T20:45:53 EET" duration-ms="6587" status="PASS">
          <reporter-output>
          </reporter-output>
        </test-method> <!-- successfullyChangeParentDetails -->
        <test-method signature="successfullyChangeParentPassword()[pri:2, instance:parentTests.UpdateParentDetails@6bedbc4d]" started-at="2021-03-12T20:45:53 EET" name="successfullyChangeParentPassword" finished-at="2021-03-12T20:45:56 EET" duration-ms="3322" status="PASS">
          <reporter-output>
          </reporter-output>
        </test-method> <!-- successfullyChangeParentPassword -->
        <test-method signature="successfullyResetParentPasswordToOriginal()[pri:3, instance:parentTests.UpdateParentDetails@6bedbc4d]" started-at="2021-03-12T20:45:56 EET" name="successfullyResetParentPasswordToOriginal" finished-at="2021-03-12T20:46:03 EET" duration-ms="6696" status="PASS">
          <reporter-output>
          </reporter-output>
        </test-method> <!-- successfullyResetParentPasswordToOriginal -->
        <test-method is-config="true" signature="closeBrowser()[pri:0, instance:parentTests.UpdateParentDetails@6bedbc4d]" started-at="2021-03-12T20:46:03 EET" name="closeBrowser" finished-at="2021-03-12T20:46:03 EET" duration-ms="151" status="PASS">
          <reporter-output>
          </reporter-output>
        </test-method> <!-- closeBrowser -->
      </class> <!-- parentTests.UpdateParentDetails -->
    </test> <!-- regression -->
  </suite> <!-- Tests -->
</testng-results>
