<?xml version="1.0" encoding="UTF-8"?>
<testng-results ignored="0" total="1" passed="1" failed="0" skipped="0">
  <reporter-output>
  </reporter-output>
  <suite started-at="2021-03-07T19:25:24 EET" name="Default suite" finished-at="2021-03-07T19:25:30 EET" duration-ms="5789">
    <groups>
      <group name="smoke, regression">
        <method signature="SubmitNewApplication.successfullyFillAndSubmitNewApplication()[pri:1, instance:testsParentPages.SubmitNewApplication@6a6afff2]" name="successfullyFillAndSubmitNewApplication" class="testsParentPages.SubmitNewApplication"/>
      </group> <!-- smoke, regression -->
    </groups>
    <test started-at="2021-03-07T19:25:24 EET" name="Default test" finished-at="2021-03-07T19:25:30 EET" duration-ms="5789">
      <class name="testsParentPages.SubmitNewApplication">
        <test-method is-config="true" signature="setUp()[pri:0, instance:testsParentPages.SubmitNewApplication@6a6afff2]" started-at="2021-03-07T19:25:24 EET" name="setUp" finished-at="2021-03-07T19:25:28 EET" duration-ms="4149" status="PASS">
          <reporter-output>
          </reporter-output>
        </test-method> <!-- setUp -->
        <test-method signature="successfullyFillAndSubmitNewApplication()[pri:1, instance:testsParentPages.SubmitNewApplication@6a6afff2]" started-at="2021-03-07T19:25:28 EET" name="successfullyFillAndSubmitNewApplication" finished-at="2021-03-07T19:25:30 EET" duration-ms="1574" status="PASS">
          <reporter-output>
          </reporter-output>
        </test-method> <!-- successfullyFillAndSubmitNewApplication -->
        <test-method is-config="true" signature="closeBrowser()[pri:0, instance:testsParentPages.SubmitNewApplication@6a6afff2]" started-at="2021-03-07T19:25:30 EET" name="closeBrowser" finished-at="2021-03-07T19:25:30 EET" duration-ms="16" status="PASS">
          <reporter-output>
          </reporter-output>
        </test-method> <!-- closeBrowser -->
      </class> <!-- testsParentPages.SubmitNewApplication -->
    </test> <!-- Default test -->
  </suite> <!-- Default suite -->
</testng-results>
