<?xml version="1.0" encoding="UTF-8"?>
<testng-results ignored="0" total="3" passed="3" failed="0" skipped="0">
  <reporter-output>
  </reporter-output>
  <suite started-at="2021-03-02T21:11:14 EET" name="Default suite" finished-at="2021-03-02T21:11:29 EET" duration-ms="14370">
    <groups>
      <group name="regression">
        <method signature="UpdateUserDetailsAdmin.successfullyChangeAdminDetails()[pri:1, instance:testsAdminPages.UpdateUserDetailsAdmin@5fa07e12]" name="successfullyChangeAdminDetails" class="testsAdminPages.UpdateUserDetailsAdmin"/>
        <method signature="UpdateUserDetailsAdmin.successfullyChangeAdminPassword()[pri:2, instance:testsAdminPages.UpdateUserDetailsAdmin@5fa07e12]" name="successfullyChangeAdminPassword" class="testsAdminPages.UpdateUserDetailsAdmin"/>
        <method signature="UpdateUserDetailsAdmin.successfullyResetAdminPasswordToOriginal()[pri:3, instance:testsAdminPages.UpdateUserDetailsAdmin@5fa07e12]" name="successfullyResetAdminPasswordToOriginal" class="testsAdminPages.UpdateUserDetailsAdmin"/>
      </group> <!-- regression -->
    </groups>
    <test started-at="2021-03-02T21:11:14 EET" name="Default test" finished-at="2021-03-02T21:11:29 EET" duration-ms="14370">
      <class name="testsAdminPages.UpdateUserDetailsAdmin">
        <test-method is-config="true" signature="setUp()[pri:0, instance:testsAdminPages.UpdateUserDetailsAdmin@5fa07e12]" started-at="2021-03-02T21:11:14 EET" name="setUp" finished-at="2021-03-02T21:11:18 EET" duration-ms="4128" status="PASS">
          <reporter-output>
          </reporter-output>
        </test-method> <!-- setUp -->
        <test-method signature="successfullyChangeAdminDetails()[pri:1, instance:testsAdminPages.UpdateUserDetailsAdmin@5fa07e12]" started-at="2021-03-02T21:11:19 EET" name="successfullyChangeAdminDetails" finished-at="2021-03-02T21:11:21 EET" duration-ms="2578" status="PASS">
          <reporter-output>
          </reporter-output>
        </test-method> <!-- successfullyChangeAdminDetails -->
        <test-method signature="successfullyChangeAdminPassword()[pri:2, instance:testsAdminPages.UpdateUserDetailsAdmin@5fa07e12]" started-at="2021-03-02T21:11:21 EET" name="successfullyChangeAdminPassword" finished-at="2021-03-02T21:11:24 EET" duration-ms="3390" status="PASS">
          <reporter-output>
          </reporter-output>
        </test-method> <!-- successfullyChangeAdminPassword -->
        <test-method signature="successfullyResetAdminPasswordToOriginal()[pri:3, instance:testsAdminPages.UpdateUserDetailsAdmin@5fa07e12]" started-at="2021-03-02T21:11:24 EET" name="successfullyResetAdminPasswordToOriginal" finished-at="2021-03-02T21:11:29 EET" duration-ms="4212" status="PASS">
          <reporter-output>
          </reporter-output>
        </test-method> <!-- successfullyResetAdminPasswordToOriginal -->
        <test-method is-config="true" signature="closeBrowser()[pri:0, instance:testsAdminPages.UpdateUserDetailsAdmin@5fa07e12]" started-at="2021-03-02T21:11:29 EET" name="closeBrowser" finished-at="2021-03-02T21:11:29 EET" duration-ms="10" status="PASS">
          <reporter-output>
          </reporter-output>
        </test-method> <!-- closeBrowser -->
      </class> <!-- testsAdminPages.UpdateUserDetailsAdmin -->
    </test> <!-- Default test -->
  </suite> <!-- Default suite -->
</testng-results>
