<?xml version="1.0" encoding="UTF-8"?>
<testng-results ignored="2" total="3" passed="1" failed="0" skipped="0">
  <reporter-output>
  </reporter-output>
  <suite started-at="2021-03-17T00:05:18 EET" name="Default suite" finished-at="2021-03-17T00:05:31 EET" duration-ms="13202">
    <groups>
      <group name="regression">
        <method signature="SubmitNewApplication.submitSecondChildApplicationCheckQueue()[pri:2, instance:parentTests.SubmitNewApplication@2accdbb5]" name="submitSecondChildApplicationCheckQueue" class="parentTests.SubmitNewApplication"/>
      </group> <!-- regression -->
    </groups>
    <test started-at="2021-03-17T00:05:18 EET" name="Default test" finished-at="2021-03-17T00:05:31 EET" duration-ms="13202">
      <class name="parentTests.SubmitNewApplication">
        <test-method is-config="true" signature="setUp()[pri:0, instance:parentTests.SubmitNewApplication@2accdbb5]" started-at="2021-03-17T00:05:18 EET" name="setUp" finished-at="2021-03-17T00:05:22 EET" duration-ms="4351" status="PASS">
          <reporter-output>
          </reporter-output>
        </test-method> <!-- setUp -->
        <test-method signature="submitSecondChildApplicationCheckQueue()[pri:2, instance:parentTests.SubmitNewApplication@2accdbb5]" started-at="2021-03-17T00:05:22 EET" name="submitSecondChildApplicationCheckQueue" finished-at="2021-03-17T00:05:31 EET" duration-ms="8792" status="PASS">
          <reporter-output>
          </reporter-output>
        </test-method> <!-- submitSecondChildApplicationCheckQueue -->
        <test-method is-config="true" signature="closeBrowser()[pri:0, instance:parentTests.SubmitNewApplication@2accdbb5]" started-at="2021-03-17T00:05:31 EET" name="closeBrowser" finished-at="2021-03-17T00:05:31 EET" duration-ms="13" status="PASS">
          <reporter-output>
          </reporter-output>
        </test-method> <!-- closeBrowser -->
      </class> <!-- parentTests.SubmitNewApplication -->
    </test> <!-- Default test -->
  </suite> <!-- Default suite -->
</testng-results>
