<?xml version="1.0" encoding="UTF-8"?>
<testng-results ignored="0" total="3" passed="3" failed="0" skipped="0">
  <reporter-output>
  </reporter-output>
  <suite started-at="2021-02-21T14:35:40 EET" name="Default suite" finished-at="2021-02-21T14:36:03 EET" duration-ms="22282">
    <groups>
    </groups>
    <test started-at="2021-02-21T14:35:40 EET" name="Default test" finished-at="2021-02-21T14:36:03 EET" duration-ms="22282">
      <class name="testsAdminPages.CreateAndDeleteNewUser">
        <test-method is-config="true" signature="setUp()[pri:0, instance:testsAdminPages.CreateAndDeleteNewUser@5fa07e12]" started-at="2021-02-21T14:35:40 EET" name="setUp" finished-at="2021-02-21T14:35:46 EET" duration-ms="5822" status="PASS">
          <reporter-output>
          </reporter-output>
        </test-method> <!-- setUp -->
        <test-method signature="successfullyCreateAndDeleteNewAdmin()[pri:0, instance:testsAdminPages.CreateAndDeleteNewUser@5fa07e12]" started-at="2021-02-21T14:35:46 EET" name="successfullyCreateAndDeleteNewAdmin" finished-at="2021-02-21T14:35:53 EET" duration-ms="6352" status="PASS">
          <reporter-output>
          </reporter-output>
        </test-method> <!-- successfullyCreateAndDeleteNewAdmin -->
        <test-method signature="successfullyCreateAndDeleteNewKindergartenSpecialist()[pri:0, instance:testsAdminPages.CreateAndDeleteNewUser@5fa07e12]" started-at="2021-02-21T14:35:53 EET" name="successfullyCreateAndDeleteNewKindergartenSpecialist" finished-at="2021-02-21T14:35:57 EET" duration-ms="4497" status="PASS">
          <reporter-output>
          </reporter-output>
        </test-method> <!-- successfullyCreateAndDeleteNewKindergartenSpecialist -->
        <test-method signature="successfullyCreateAndDeleteNewParent()[pri:0, instance:testsAdminPages.CreateAndDeleteNewUser@5fa07e12]" started-at="2021-02-21T14:35:57 EET" name="successfullyCreateAndDeleteNewParent" finished-at="2021-02-21T14:36:03 EET" duration-ms="5486" status="PASS">
          <reporter-output>
          </reporter-output>
        </test-method> <!-- successfullyCreateAndDeleteNewParent -->
        <test-method is-config="true" signature="closeBrowser()[pri:0, instance:testsAdminPages.CreateAndDeleteNewUser@5fa07e12]" started-at="2021-02-21T14:36:03 EET" name="closeBrowser" finished-at="2021-02-21T14:36:03 EET" duration-ms="36" status="PASS">
          <reporter-output>
          </reporter-output>
        </test-method> <!-- closeBrowser -->
      </class> <!-- testsAdminPages.CreateAndDeleteNewUser -->
    </test> <!-- Default test -->
  </suite> <!-- Default suite -->
</testng-results>
