<?xml version="1.0" encoding="UTF-8"?>
<testng-results ignored="0" total="1" passed="1" failed="0" skipped="0">
  <reporter-output>
  </reporter-output>
  <suite started-at="2021-03-10T16:28:12 EET" name="Default suite" finished-at="2021-03-10T16:28:28 EET" duration-ms="15798">
    <groups>
      <group name="smoke, regression">
        <method signature="SubmitNewApplication.successfullyFillSubmitDeleteNewApplication()[pri:1, instance:testsParentPages.SubmitNewApplication@3315d2d7]" name="successfullyFillSubmitDeleteNewApplication" class="testsParentPages.SubmitNewApplication"/>
      </group> <!-- smoke, regression -->
    </groups>
    <test started-at="2021-03-10T16:28:12 EET" name="Default test" finished-at="2021-03-10T16:28:28 EET" duration-ms="15798">
      <class name="testsParentPages.SubmitNewApplication">
        <test-method is-config="true" signature="setUp()[pri:0, instance:testsParentPages.SubmitNewApplication@3315d2d7]" started-at="2021-03-10T16:28:12 EET" name="setUp" finished-at="2021-03-10T16:28:16 EET" duration-ms="4431" status="PASS">
          <reporter-output>
          </reporter-output>
        </test-method> <!-- setUp -->
        <test-method signature="successfullyFillSubmitDeleteNewApplication()[pri:1, instance:testsParentPages.SubmitNewApplication@3315d2d7]" started-at="2021-03-10T16:28:16 EET" name="successfullyFillSubmitDeleteNewApplication" finished-at="2021-03-10T16:28:28 EET" duration-ms="11288" status="PASS">
          <reporter-output>
          </reporter-output>
        </test-method> <!-- successfullyFillSubmitDeleteNewApplication -->
        <test-method is-config="true" signature="closeBrowser()[pri:0, instance:testsParentPages.SubmitNewApplication@3315d2d7]" started-at="2021-03-10T16:28:28 EET" name="closeBrowser" finished-at="2021-03-10T16:28:28 EET" duration-ms="18" status="PASS">
          <reporter-output>
          </reporter-output>
        </test-method> <!-- closeBrowser -->
      </class> <!-- testsParentPages.SubmitNewApplication -->
    </test> <!-- Default test -->
  </suite> <!-- Default suite -->
</testng-results>
