<?xml version="1.0" encoding="UTF-8"?>
<!-- Generated by org.testng.reporters.JUnitXMLReporter -->
<testsuite ignored="0" hostname="DESKTOP-H43V1DC" failures="0" tests="3" name="Default test" time="14.37" errors="0" timestamp="2021-03-02T21:11:29 EET">
  <testcase classname="testsAdminPages.UpdateUserDetailsAdmin" name="successfullyChangeAdminDetails" time="2.578"/>
  <testcase classname="testsAdminPages.UpdateUserDetailsAdmin" name="successfullyChangeAdminPassword" time="3.39"/>
  <testcase classname="testsAdminPages.UpdateUserDetailsAdmin" name="successfullyResetAdminPasswordToOriginal" time="4.212"/>
</testsuite> <!-- Default test -->
