<?xml version="1.0" encoding="UTF-8"?>
<!-- Generated by org.testng.reporters.JUnitXMLReporter -->
<testsuite ignored="2" hostname="DESKTOP-H43V1DC" failures="0" tests="1" name="Default test" time="13.202" errors="0" timestamp="2021-03-17T00:05:31 EET">
  <testcase classname="parentTests.SubmitNewApplication" name="submitSecondChildApplicationCheckQueue" time="8.792"/>
  <testcase classname="parentTests.SubmitNewApplication" name="successfullySubmitNewApplication" time="0.0">
    <ignored/>
  </testcase> <!-- successfullySubmitNewApplication -->
  <testcase classname="parentTests.SubmitNewApplication" name="deleteApplication" time="0.0">
    <ignored/>
  </testcase> <!-- deleteApplication -->
</testsuite> <!-- Default test -->
