<?xml version="1.0" encoding="UTF-8"?>
<!-- Generated by org.testng.reporters.JUnitXMLReporter -->
<testsuite ignored="0" hostname="DESKTOP-H43V1DC" failures="0" tests="3" name="Default test" time="21.825" errors="0" timestamp="2021-03-16T13:41:36 EET">
  <testcase classname="adminTests.UpdateAdminDetails" name="successfullyChangeAdminDetails" time="5.667"/>
  <testcase classname="adminTests.UpdateAdminDetails" name="successfullyChangeAdminPassword" time="3.33"/>
  <testcase classname="adminTests.UpdateAdminDetails" name="successfullyResetAdminPasswordToOriginal" time="7.157"/>
</testsuite> <!-- Default test -->
