<?xml version="1.0" encoding="UTF-8"?>
<!-- Generated by org.testng.reporters.JUnitXMLReporter -->
<testsuite ignored="0" hostname="DESKTOP-H43V1DC" failures="0" tests="3" name="Default test" time="21.801" errors="0" timestamp="2021-03-17T13:09:09 EET">
  <testcase classname="parentTests.UpdateParentDetails" name="successfullyChangeParentDetails" time="6.422"/>
  <testcase classname="parentTests.UpdateParentDetails" name="successfullyChangeParentPassword" time="3.367"/>
  <testcase classname="parentTests.UpdateParentDetails" name="successfullyResetParentPasswordToOriginal" time="7.392"/>
</testsuite> <!-- Default test -->
